2020-07-30 00:15:37.970  INFO 10616 --- [Thread-345] o.s.s.concurrent.ThreadPoolTaskExecutor  : Shutting down ExecutorService 'applicationTaskExecutor'
2020-07-30 00:15:38.057  INFO 10616 --- [restartedMain] cl.cparra.AdminedificioApplication       : Starting AdminedificioApplication using Java 1.8.0_261 on LAPTOP-VJC97MUU with PID 10616 (C:\Users\Cesar Parra\Documents\workspace-spring\adminedificio\target\classes started by Cesar Parra in C:\Users\Cesar Parra\Documents\workspace-spring\adminedificio)
2020-07-30 00:15:38.057  INFO 10616 --- [restartedMain] cl.cparra.AdminedificioApplication       : No active profile set, falling back to default profiles: default
2020-07-30 00:15:38.237  INFO 10616 --- [restartedMain] o.s.b.w.embedded.tomcat.TomcatWebServer  : Tomcat initialized with port(s): 8080 (http)
2020-07-30 00:15:38.245  INFO 10616 --- [restartedMain] o.apache.catalina.core.StandardService   : Starting service [Tomcat]
2020-07-30 00:15:38.245  INFO 10616 --- [restartedMain] org.apache.catalina.core.StandardEngine  : Starting Servlet engine: [Apache Tomcat/9.0.36]
2020-07-30 00:15:38.276  INFO 10616 --- [restartedMain] org.apache.jasper.servlet.TldScanner     : At least one JAR was scanned for TLDs yet contained no TLDs. Enable debug logging for this logger for a complete list of JARs that were scanned but no TLDs were found in them. Skipping unneeded JARs during scanning can improve startup time and JSP compilation time.
2020-07-30 00:15:38.277  INFO 10616 --- [restartedMain] o.a.c.c.C.[Tomcat-10].[localhost].[/]    : Initializing Spring embedded WebApplicationContext
2020-07-30 00:15:38.277  INFO 10616 --- [restartedMain] w.s.c.ServletWebServerApplicationContext : Root WebApplicationContext: initialization completed in 218 ms
2020-07-30 00:15:38.324  INFO 10616 --- [restartedMain] o.s.s.concurrent.ThreadPoolTaskExecutor  : Initializing ExecutorService 'applicationTaskExecutor'
2020-07-30 00:15:38.366  INFO 10616 --- [restartedMain] o.s.b.d.a.OptionalLiveReloadServer       : LiveReload server is running on port 35729
2020-07-30 00:15:38.373  INFO 10616 --- [restartedMain] o.s.b.w.embedded.tomcat.TomcatWebServer  : Tomcat started on port(s): 8080 (http) with context path ''
2020-07-30 00:15:38.376  INFO 10616 --- [restartedMain] cl.cparra.AdminedificioApplication       : Started AdminedificioApplication in 0.336 seconds (JVM running for 43242.745)
2020-07-30 00:15:38.377  INFO 10616 --- [restartedMain] .ConditionEvaluationDeltaLoggingListener : Condition evaluation unchanged
2020-07-30 00:16:21.958  INFO 10616 --- [Thread-352] o.s.s.concurrent.ThreadPoolTaskExecutor  : Shutting down ExecutorService 'applicationTaskExecutor'
2020-07-30 00:16:22.025  INFO 10616 --- [restartedMain] cl.cparra.AdminedificioApplication       : Starting AdminedificioApplication using Java 1.8.0_261 on LAPTOP-VJC97MUU with PID 10616 (C:\Users\Cesar Parra\Documents\workspace-spring\adminedificio\target\classes started by Cesar Parra in C:\Users\Cesar Parra\Documents\workspace-spring\adminedificio)
2020-07-30 00:16:22.025  INFO 10616 --- [restartedMain] cl.cparra.AdminedificioApplication       : No active profile set, falling back to default profiles: default
2020-07-30 00:16:22.186  INFO 10616 --- [restartedMain] o.s.b.w.embedded.tomcat.TomcatWebServer  : Tomcat initialized with port(s): 8080 (http)
2020-07-30 00:16:22.186  INFO 10616 --- [restartedMain] o.apache.catalina.core.StandardService   : Starting service [Tomcat]
2020-07-30 00:16:22.186  INFO 10616 --- [restartedMain] org.apache.catalina.core.StandardEngine  : Starting Servlet engine: [Apache Tomcat/9.0.36]
2020-07-30 00:16:22.216  INFO 10616 --- [restartedMain] org.apache.jasper.servlet.TldScanner     : At least one JAR was scanned for TLDs yet contained no TLDs. Enable debug logging for this logger for a complete list of JARs that were scanned but no TLDs were found in them. Skipping unneeded JARs during scanning can improve startup time and JSP compilation time.
2020-07-30 00:16:22.217  INFO 10616 --- [restartedMain] o.a.c.c.C.[Tomcat-10].[localhost].[/]    : Initializing Spring embedded WebApplicationContext
2020-07-30 00:16:22.217  INFO 10616 --- [restartedMain] w.s.c.ServletWebServerApplicationContext : Root WebApplicationContext: initialization completed in 191 ms
2020-07-30 00:16:22.259  INFO 10616 --- [restartedMain] o.s.s.concurrent.ThreadPoolTaskExecutor  : Initializing ExecutorService 'applicationTaskExecutor'
2020-07-30 00:16:22.297  INFO 10616 --- [restartedMain] o.s.b.d.a.OptionalLiveReloadServer       : LiveReload server is running on port 35729
2020-07-30 00:16:22.304  INFO 10616 --- [restartedMain] o.s.b.w.embedded.tomcat.TomcatWebServer  : Tomcat started on port(s): 8080 (http) with context path ''
2020-07-30 00:16:22.308  INFO 10616 --- [restartedMain] cl.cparra.AdminedificioApplication       : Started AdminedificioApplication in 0.298 seconds (JVM running for 43286.677)
2020-07-30 00:16:22.309  INFO 10616 --- [restartedMain] .ConditionEvaluationDeltaLoggingListener : Condition evaluation unchanged
2020-07-30 00:16:24.382  INFO 10616 --- [http-nio-8080-exec-1] o.a.c.c.C.[Tomcat-10].[localhost].[/]    : Initializing Spring DispatcherServlet 'dispatcherServlet'
2020-07-30 00:16:24.383  INFO 10616 --- [http-nio-8080-exec-1] o.s.web.servlet.DispatcherServlet        : Initializing Servlet 'dispatcherServlet'
2020-07-30 00:16:24.384  INFO 10616 --- [http-nio-8080-exec-1] o.s.web.servlet.DispatcherServlet        : Completed initialization in 1 ms
2020-07-30 00:31:07.533  INFO 10616 --- [Thread-359] o.s.s.concurrent.ThreadPoolTaskExecutor  : Shutting down ExecutorService 'applicationTaskExecutor'
2020-07-30 00:31:07.615  INFO 10616 --- [restartedMain] cl.cparra.AdminedificioApplication       : Starting AdminedificioApplication using Java 1.8.0_261 on LAPTOP-VJC97MUU with PID 10616 (C:\Users\Cesar Parra\Documents\workspace-spring\adminedificio\target\classes started by Cesar Parra in C:\Users\Cesar Parra\Documents\workspace-spring\adminedificio)
2020-07-30 00:31:07.616  INFO 10616 --- [restartedMain] cl.cparra.AdminedificioApplication       : No active profile set, falling back to default profiles: default
2020-07-30 00:31:07.819  INFO 10616 --- [restartedMain] o.s.b.w.embedded.tomcat.TomcatWebServer  : Tomcat initialized with port(s): 8080 (http)
2020-07-30 00:31:07.819  INFO 10616 --- [restartedMain] o.apache.catalina.core.StandardService   : Starting service [Tomcat]
2020-07-30 00:31:07.819  INFO 10616 --- [restartedMain] org.apache.catalina.core.StandardEngine  : Starting Servlet engine: [Apache Tomcat/9.0.36]
2020-07-30 00:31:07.860  INFO 10616 --- [restartedMain] org.apache.jasper.servlet.TldScanner     : At least one JAR was scanned for TLDs yet contained no TLDs. Enable debug logging for this logger for a complete list of JARs that were scanned but no TLDs were found in them. Skipping unneeded JARs during scanning can improve startup time and JSP compilation time.
2020-07-30 00:31:07.861  INFO 10616 --- [restartedMain] o.a.c.c.C.[Tomcat-10].[localhost].[/]    : Initializing Spring embedded WebApplicationContext
2020-07-30 00:31:07.861  INFO 10616 --- [restartedMain] w.s.c.ServletWebServerApplicationContext : Root WebApplicationContext: initialization completed in 243 ms
2020-07-30 00:31:07.919  INFO 10616 --- [restartedMain] o.s.s.concurrent.ThreadPoolTaskExecutor  : Initializing ExecutorService 'applicationTaskExecutor'
2020-07-30 00:31:07.966  INFO 10616 --- [restartedMain] o.s.b.d.a.OptionalLiveReloadServer       : LiveReload server is running on port 35729
2020-07-30 00:31:07.972  INFO 10616 --- [restartedMain] o.s.b.w.embedded.tomcat.TomcatWebServer  : Tomcat started on port(s): 8080 (http) with context path ''
2020-07-30 00:31:07.975  INFO 10616 --- [restartedMain] cl.cparra.AdminedificioApplication       : Started AdminedificioApplication in 0.38 seconds (JVM running for 44172.345)
2020-07-30 00:31:07.977  INFO 10616 --- [restartedMain] .ConditionEvaluationDeltaLoggingListener : Condition evaluation unchanged
2020-07-30 00:33:00.393  INFO 10616 --- [Thread-366] o.s.s.concurrent.ThreadPoolTaskExecutor  : Shutting down ExecutorService 'applicationTaskExecutor'
2020-07-30 00:33:00.464  INFO 10616 --- [restartedMain] cl.cparra.AdminedificioApplication       : Starting AdminedificioApplication using Java 1.8.0_261 on LAPTOP-VJC97MUU with PID 10616 (C:\Users\Cesar Parra\Documents\workspace-spring\adminedificio\target\classes started by Cesar Parra in C:\Users\Cesar Parra\Documents\workspace-spring\adminedificio)
2020-07-30 00:33:00.464  INFO 10616 --- [restartedMain] cl.cparra.AdminedificioApplication       : No active profile set, falling back to default profiles: default
2020-07-30 00:33:00.628  INFO 10616 --- [restartedMain] o.s.b.w.embedded.tomcat.TomcatWebServer  : Tomcat initialized with port(s): 8080 (http)
2020-07-30 00:33:00.628  INFO 10616 --- [restartedMain] o.apache.catalina.core.StandardService   : Starting service [Tomcat]
2020-07-30 00:33:00.628  INFO 10616 --- [restartedMain] org.apache.catalina.core.StandardEngine  : Starting Servlet engine: [Apache Tomcat/9.0.36]
2020-07-30 00:33:00.656  INFO 10616 --- [restartedMain] org.apache.jasper.servlet.TldScanner     : At least one JAR was scanned for TLDs yet contained no TLDs. Enable debug logging for this logger for a complete list of JARs that were scanned but no TLDs were found in them. Skipping unneeded JARs during scanning can improve startup time and JSP compilation time.
2020-07-30 00:33:00.657  INFO 10616 --- [restartedMain] o.a.c.c.C.[Tomcat-10].[localhost].[/]    : Initializing Spring embedded WebApplicationContext
2020-07-30 00:33:00.657  INFO 10616 --- [restartedMain] w.s.c.ServletWebServerApplicationContext : Root WebApplicationContext: initialization completed in 191 ms
2020-07-30 00:33:00.695  INFO 10616 --- [restartedMain] o.s.s.concurrent.ThreadPoolTaskExecutor  : Initializing ExecutorService 'applicationTaskExecutor'
2020-07-30 00:33:00.726  INFO 10616 --- [restartedMain] o.s.b.d.a.OptionalLiveReloadServer       : LiveReload server is running on port 35729
2020-07-30 00:33:00.733  INFO 10616 --- [restartedMain] o.s.b.w.embedded.tomcat.TomcatWebServer  : Tomcat started on port(s): 8080 (http) with context path ''
2020-07-30 00:33:00.736  INFO 10616 --- [restartedMain] cl.cparra.AdminedificioApplication       : Started AdminedificioApplication in 0.286 seconds (JVM running for 44285.105)
2020-07-30 00:33:00.737  INFO 10616 --- [restartedMain] .ConditionEvaluationDeltaLoggingListener : Condition evaluation unchanged
2020-07-30 00:39:05.604  INFO 10616 --- [http-nio-8080-exec-1] o.a.c.c.C.[Tomcat-10].[localhost].[/]    : Initializing Spring DispatcherServlet 'dispatcherServlet'
2020-07-30 00:39:05.605  INFO 10616 --- [http-nio-8080-exec-1] o.s.web.servlet.DispatcherServlet        : Initializing Servlet 'dispatcherServlet'
2020-07-30 00:39:05.606  INFO 10616 --- [http-nio-8080-exec-1] o.s.web.servlet.DispatcherServlet        : Completed initialization in 1 ms
2020-07-30 01:06:51.791  INFO 10616 --- [Thread-373] o.s.s.concurrent.ThreadPoolTaskExecutor  : Shutting down ExecutorService 'applicationTaskExecutor'
2020-07-30 01:06:51.894  INFO 10616 --- [restartedMain] cl.cparra.AdminedificioApplication       : Starting AdminedificioApplication using Java 1.8.0_261 on LAPTOP-VJC97MUU with PID 10616 (C:\Users\Cesar Parra\Documents\workspace-spring\adminedificio\target\classes started by Cesar Parra in C:\Users\Cesar Parra\Documents\workspace-spring\adminedificio)
2020-07-30 01:06:51.894  INFO 10616 --- [restartedMain] cl.cparra.AdminedificioApplication       : No active profile set, falling back to default profiles: default
2020-07-30 01:06:52.135  INFO 10616 --- [restartedMain] o.s.b.w.embedded.tomcat.TomcatWebServer  : Tomcat initialized with port(s): 8080 (http)
2020-07-30 01:06:52.136  INFO 10616 --- [restartedMain] o.apache.catalina.core.StandardService   : Starting service [Tomcat]
2020-07-30 01:06:52.136  INFO 10616 --- [restartedMain] org.apache.catalina.core.StandardEngine  : Starting Servlet engine: [Apache Tomcat/9.0.36]
2020-07-30 01:06:52.184  INFO 10616 --- [restartedMain] org.apache.jasper.servlet.TldScanner     : At least one JAR was scanned for TLDs yet contained no TLDs. Enable debug logging for this logger for a complete list of JARs that were scanned but no TLDs were found in them. Skipping unneeded JARs during scanning can improve startup time and JSP compilation time.
2020-07-30 01:06:52.185  INFO 10616 --- [restartedMain] o.a.c.c.C.[Tomcat-10].[localhost].[/]    : Initializing Spring embedded WebApplicationContext
2020-07-30 01:06:52.185  INFO 10616 --- [restartedMain] w.s.c.ServletWebServerApplicationContext : Root WebApplicationContext: initialization completed in 290 ms
2020-07-30 01:06:52.239  INFO 10616 --- [restartedMain] o.s.s.concurrent.ThreadPoolTaskExecutor  : Initializing ExecutorService 'applicationTaskExecutor'
2020-07-30 01:06:52.281  INFO 10616 --- [restartedMain] o.s.b.d.a.OptionalLiveReloadServer       : LiveReload server is running on port 35729
2020-07-30 01:06:52.288  INFO 10616 --- [restartedMain] o.s.b.w.embedded.tomcat.TomcatWebServer  : Tomcat started on port(s): 8080 (http) with context path ''
2020-07-30 01:06:52.296  INFO 10616 --- [restartedMain] cl.cparra.AdminedificioApplication       : Started AdminedificioApplication in 0.422 seconds (JVM running for 46316.665)
2020-07-30 01:06:52.297  INFO 10616 --- [restartedMain] .ConditionEvaluationDeltaLoggingListener : Condition evaluation unchanged
2020-07-30 01:07:26.600  INFO 10616 --- [Thread-380] o.s.s.concurrent.ThreadPoolTaskExecutor  : Shutting down ExecutorService 'applicationTaskExecutor'
2020-07-30 01:07:26.680  INFO 10616 --- [restartedMain] cl.cparra.AdminedificioApplication       : Starting AdminedificioApplication using Java 1.8.0_261 on LAPTOP-VJC97MUU with PID 10616 (C:\Users\Cesar Parra\Documents\workspace-spring\adminedificio\target\classes started by Cesar Parra in C:\Users\Cesar Parra\Documents\workspace-spring\adminedificio)
2020-07-30 01:07:26.680  INFO 10616 --- [restartedMain] cl.cparra.AdminedificioApplication       : No active profile set, falling back to default profiles: default
2020-07-30 01:07:26.889  INFO 10616 --- [restartedMain] o.s.b.w.embedded.tomcat.TomcatWebServer  : Tomcat initialized with port(s): 8080 (http)
2020-07-30 01:07:26.889  INFO 10616 --- [restartedMain] o.apache.catalina.core.StandardService   : Starting service [Tomcat]
2020-07-30 01:07:26.889  INFO 10616 --- [restartedMain] org.apache.catalina.core.StandardEngine  : Starting Servlet engine: [Apache Tomcat/9.0.36]
2020-07-30 01:07:26.928  INFO 10616 --- [restartedMain] org.apache.jasper.servlet.TldScanner     : At least one JAR was scanned for TLDs yet contained no TLDs. Enable debug logging for this logger for a complete list of JARs that were scanned but no TLDs were found in them. Skipping unneeded JARs during scanning can improve startup time and JSP compilation time.
2020-07-30 01:07:26.929  INFO 10616 --- [restartedMain] o.a.c.c.C.[Tomcat-10].[localhost].[/]    : Initializing Spring embedded WebApplicationContext
2020-07-30 01:07:26.929  INFO 10616 --- [restartedMain] w.s.c.ServletWebServerApplicationContext : Root WebApplicationContext: initialization completed in 248 ms
2020-07-30 01:07:26.991  INFO 10616 --- [restartedMain] o.s.s.concurrent.ThreadPoolTaskExecutor  : Initializing ExecutorService 'applicationTaskExecutor'
2020-07-30 01:07:27.025  INFO 10616 --- [restartedMain] o.s.b.d.a.OptionalLiveReloadServer       : LiveReload server is running on port 35729
2020-07-30 01:07:27.032  INFO 10616 --- [restartedMain] o.s.b.w.embedded.tomcat.TomcatWebServer  : Tomcat started on port(s): 8080 (http) with context path ''
2020-07-30 01:07:27.035  INFO 10616 --- [restartedMain] cl.cparra.AdminedificioApplication       : Started AdminedificioApplication in 0.373 seconds (JVM running for 46351.404)
2020-07-30 01:07:27.039  INFO 10616 --- [restartedMain] .ConditionEvaluationDeltaLoggingListener : Condition evaluation unchanged
2020-07-30 01:07:50.132  INFO 10616 --- [Thread-387] o.s.s.concurrent.ThreadPoolTaskExecutor  : Shutting down ExecutorService 'applicationTaskExecutor'
2020-07-30 01:07:50.212  INFO 10616 --- [restartedMain] cl.cparra.AdminedificioApplication       : Starting AdminedificioApplication using Java 1.8.0_261 on LAPTOP-VJC97MUU with PID 10616 (C:\Users\Cesar Parra\Documents\workspace-spring\adminedificio\target\classes started by Cesar Parra in C:\Users\Cesar Parra\Documents\workspace-spring\adminedificio)
2020-07-30 01:07:50.213  INFO 10616 --- [restartedMain] cl.cparra.AdminedificioApplication       : No active profile set, falling back to default profiles: default
2020-07-30 01:07:50.366  INFO 10616 --- [restartedMain] o.s.b.w.embedded.tomcat.TomcatWebServer  : Tomcat initialized with port(s): 8080 (http)
2020-07-30 01:07:50.366  INFO 10616 --- [restartedMain] o.apache.catalina.core.StandardService   : Starting service [Tomcat]
2020-07-30 01:07:50.366  INFO 10616 --- [restartedMain] org.apache.catalina.core.StandardEngine  : Starting Servlet engine: [Apache Tomcat/9.0.36]
2020-07-30 01:07:50.403  INFO 10616 --- [restartedMain] org.apache.jasper.servlet.TldScanner     : At least one JAR was scanned for TLDs yet contained no TLDs. Enable debug logging for this logger for a complete list of JARs that were scanned but no TLDs were found in them. Skipping unneeded JARs during scanning can improve startup time and JSP compilation time.
2020-07-30 01:07:50.404  INFO 10616 --- [restartedMain] o.a.c.c.C.[Tomcat-10].[localhost].[/]    : Initializing Spring embedded WebApplicationContext
2020-07-30 01:07:50.404  INFO 10616 --- [restartedMain] w.s.c.ServletWebServerApplicationContext : Root WebApplicationContext: initialization completed in 190 ms
2020-07-30 01:07:50.442  INFO 10616 --- [restartedMain] o.s.s.concurrent.ThreadPoolTaskExecutor  : Initializing ExecutorService 'applicationTaskExecutor'
2020-07-30 01:07:50.478  INFO 10616 --- [restartedMain] o.s.b.d.a.OptionalLiveReloadServer       : LiveReload server is running on port 35729
2020-07-30 01:07:50.485  INFO 10616 --- [restartedMain] o.s.b.w.embedded.tomcat.TomcatWebServer  : Tomcat started on port(s): 8080 (http) with context path ''
2020-07-30 01:07:50.488  INFO 10616 --- [restartedMain] cl.cparra.AdminedificioApplication       : Started AdminedificioApplication in 0.291 seconds (JVM running for 46374.857)
2020-07-30 01:07:50.489  INFO 10616 --- [restartedMain] .ConditionEvaluationDeltaLoggingListener : Condition evaluation unchanged
2020-07-30 01:08:16.576  INFO 10616 --- [Thread-394] o.s.s.concurrent.ThreadPoolTaskExecutor  : Shutting down ExecutorService 'applicationTaskExecutor'
2020-07-30 01:08:16.650  INFO 10616 --- [restartedMain] cl.cparra.AdminedificioApplication       : Starting AdminedificioApplication using Java 1.8.0_261 on LAPTOP-VJC97MUU with PID 10616 (C:\Users\Cesar Parra\Documents\workspace-spring\adminedificio\target\classes started by Cesar Parra in C:\Users\Cesar Parra\Documents\workspace-spring\adminedificio)
2020-07-30 01:08:16.651  INFO 10616 --- [restartedMain] cl.cparra.AdminedificioApplication       : No active profile set, falling back to default profiles: default
2020-07-30 01:08:16.822  INFO 10616 --- [restartedMain] o.s.b.w.embedded.tomcat.TomcatWebServer  : Tomcat initialized with port(s): 8080 (http)
2020-07-30 01:08:16.822  INFO 10616 --- [restartedMain] o.apache.catalina.core.StandardService   : Starting service [Tomcat]
2020-07-30 01:08:16.822  INFO 10616 --- [restartedMain] org.apache.catalina.core.StandardEngine  : Starting Servlet engine: [Apache Tomcat/9.0.36]
2020-07-30 01:08:16.859  INFO 10616 --- [restartedMain] org.apache.jasper.servlet.TldScanner     : At least one JAR was scanned for TLDs yet contained no TLDs. Enable debug logging for this logger for a complete list of JARs that were scanned but no TLDs were found in them. Skipping unneeded JARs during scanning can improve startup time and JSP compilation time.
2020-07-30 01:08:16.860  INFO 10616 --- [restartedMain] o.a.c.c.C.[Tomcat-10].[localhost].[/]    : Initializing Spring embedded WebApplicationContext
2020-07-30 01:08:16.860  INFO 10616 --- [restartedMain] w.s.c.ServletWebServerApplicationContext : Root WebApplicationContext: initialization completed in 208 ms
2020-07-30 01:08:16.910  INFO 10616 --- [restartedMain] o.s.s.concurrent.ThreadPoolTaskExecutor  : Initializing ExecutorService 'applicationTaskExecutor'
2020-07-30 01:08:16.950  INFO 10616 --- [restartedMain] o.s.b.d.a.OptionalLiveReloadServer       : LiveReload server is running on port 35729
2020-07-30 01:08:16.958  INFO 10616 --- [restartedMain] o.s.b.w.embedded.tomcat.TomcatWebServer  : Tomcat started on port(s): 8080 (http) with context path ''
2020-07-30 01:08:16.960  INFO 10616 --- [restartedMain] cl.cparra.AdminedificioApplication       : Started AdminedificioApplication in 0.325 seconds (JVM running for 46401.329)
2020-07-30 01:08:16.961  INFO 10616 --- [restartedMain] .ConditionEvaluationDeltaLoggingListener : Condition evaluation unchanged
2020-07-30 01:08:17.651  INFO 10616 --- [http-nio-8080-exec-1] o.a.c.c.C.[Tomcat-10].[localhost].[/]    : Initializing Spring DispatcherServlet 'dispatcherServlet'
2020-07-30 01:08:17.653  INFO 10616 --- [http-nio-8080-exec-1] o.s.web.servlet.DispatcherServlet        : Initializing Servlet 'dispatcherServlet'
2020-07-30 01:08:17.654  INFO 10616 --- [http-nio-8080-exec-1] o.s.web.servlet.DispatcherServlet        : Completed initialization in 1 ms
2020-07-30 01:14:04.771  INFO 10616 --- [Thread-401] o.s.s.concurrent.ThreadPoolTaskExecutor  : Shutting down ExecutorService 'applicationTaskExecutor'
2020-07-30 01:14:04.848  INFO 10616 --- [restartedMain] cl.cparra.AdminedificioApplication       : Starting AdminedificioApplication using Java 1.8.0_261 on LAPTOP-VJC97MUU with PID 10616 (C:\Users\Cesar Parra\Documents\workspace-spring\adminedificio\target\classes started by Cesar Parra in C:\Users\Cesar Parra\Documents\workspace-spring\adminedificio)
2020-07-30 01:14:04.848  INFO 10616 --- [restartedMain] cl.cparra.AdminedificioApplication       : No active profile set, falling back to default profiles: default
2020-07-30 01:14:05.010  INFO 10616 --- [restartedMain] o.s.b.w.embedded.tomcat.TomcatWebServer  : Tomcat initialized with port(s): 8080 (http)
2020-07-30 01:14:05.011  INFO 10616 --- [restartedMain] o.apache.catalina.core.StandardService   : Starting service [Tomcat]
2020-07-30 01:14:05.011  INFO 10616 --- [restartedMain] org.apache.catalina.core.StandardEngine  : Starting Servlet engine: [Apache Tomcat/9.0.36]
2020-07-30 01:14:05.053  INFO 10616 --- [restartedMain] org.apache.jasper.servlet.TldScanner     : At least one JAR was scanned for TLDs yet contained no TLDs. Enable debug logging for this logger for a complete list of JARs that were scanned but no TLDs were found in them. Skipping unneeded JARs during scanning can improve startup time and JSP compilation time.
2020-07-30 01:14:05.054  INFO 10616 --- [restartedMain] o.a.c.c.C.[Tomcat-10].[localhost].[/]    : Initializing Spring embedded WebApplicationContext
2020-07-30 01:14:05.054  INFO 10616 --- [restartedMain] w.s.c.ServletWebServerApplicationContext : Root WebApplicationContext: initialization completed in 204 ms
2020-07-30 01:14:05.102  INFO 10616 --- [restartedMain] o.s.s.concurrent.ThreadPoolTaskExecutor  : Initializing ExecutorService 'applicationTaskExecutor'
2020-07-30 01:14:05.135  INFO 10616 --- [restartedMain] o.s.b.d.a.OptionalLiveReloadServer       : LiveReload server is running on port 35729
2020-07-30 01:14:05.140  INFO 10616 --- [restartedMain] o.s.b.w.embedded.tomcat.TomcatWebServer  : Tomcat started on port(s): 8080 (http) with context path ''
2020-07-30 01:14:05.144  INFO 10616 --- [restartedMain] cl.cparra.AdminedificioApplication       : Started AdminedificioApplication in 0.315 seconds (JVM running for 46749.513)
2020-07-30 01:14:05.145  INFO 10616 --- [restartedMain] .ConditionEvaluationDeltaLoggingListener : Condition evaluation unchanged
2020-07-30 01:14:24.115  INFO 10616 --- [Thread-408] o.s.s.concurrent.ThreadPoolTaskExecutor  : Shutting down ExecutorService 'applicationTaskExecutor'
2020-07-30 01:14:24.190  INFO 10616 --- [restartedMain] cl.cparra.AdminedificioApplication       : Starting AdminedificioApplication using Java 1.8.0_261 on LAPTOP-VJC97MUU with PID 10616 (C:\Users\Cesar Parra\Documents\workspace-spring\adminedificio\target\classes started by Cesar Parra in C:\Users\Cesar Parra\Documents\workspace-spring\adminedificio)
2020-07-30 01:14:24.190  INFO 10616 --- [restartedMain] cl.cparra.AdminedificioApplication       : No active profile set, falling back to default profiles: default
2020-07-30 01:14:24.343  INFO 10616 --- [restartedMain] o.s.b.w.embedded.tomcat.TomcatWebServer  : Tomcat initialized with port(s): 8080 (http)
2020-07-30 01:14:24.343  INFO 10616 --- [restartedMain] o.apache.catalina.core.StandardService   : Starting service [Tomcat]
2020-07-30 01:14:24.343  INFO 10616 --- [restartedMain] org.apache.catalina.core.StandardEngine  : Starting Servlet engine: [Apache Tomcat/9.0.36]
2020-07-30 01:14:24.379  INFO 10616 --- [restartedMain] org.apache.jasper.servlet.TldScanner     : At least one JAR was scanned for TLDs yet contained no TLDs. Enable debug logging for this logger for a complete list of JARs that were scanned but no TLDs were found in them. Skipping unneeded JARs during scanning can improve startup time and JSP compilation time.
2020-07-30 01:14:24.380  INFO 10616 --- [restartedMain] o.a.c.c.C.[Tomcat-10].[localhost].[/]    : Initializing Spring embedded WebApplicationContext
2020-07-30 01:14:24.380  INFO 10616 --- [restartedMain] w.s.c.ServletWebServerApplicationContext : Root WebApplicationContext: initialization completed in 188 ms
2020-07-30 01:14:24.424  INFO 10616 --- [restartedMain] o.s.s.concurrent.ThreadPoolTaskExecutor  : Initializing ExecutorService 'applicationTaskExecutor'
2020-07-30 01:14:24.455  INFO 10616 --- [restartedMain] o.s.b.d.a.OptionalLiveReloadServer       : LiveReload server is running on port 35729
2020-07-30 01:14:24.461  INFO 10616 --- [restartedMain] o.s.b.w.embedded.tomcat.TomcatWebServer  : Tomcat started on port(s): 8080 (http) with context path ''
2020-07-30 01:14:24.465  INFO 10616 --- [restartedMain] cl.cparra.AdminedificioApplication       : Started AdminedificioApplication in 0.29 seconds (JVM running for 46768.833)
2020-07-30 01:14:24.465  INFO 10616 --- [restartedMain] .ConditionEvaluationDeltaLoggingListener : Condition evaluation unchanged
2020-07-30 01:14:35.272  INFO 10616 --- [Thread-415] o.s.s.concurrent.ThreadPoolTaskExecutor  : Shutting down ExecutorService 'applicationTaskExecutor'
2020-07-30 01:14:35.343  INFO 10616 --- [restartedMain] cl.cparra.AdminedificioApplication       : Starting AdminedificioApplication using Java 1.8.0_261 on LAPTOP-VJC97MUU with PID 10616 (C:\Users\Cesar Parra\Documents\workspace-spring\adminedificio\target\classes started by Cesar Parra in C:\Users\Cesar Parra\Documents\workspace-spring\adminedificio)
2020-07-30 01:14:35.344  INFO 10616 --- [restartedMain] cl.cparra.AdminedificioApplication       : No active profile set, falling back to default profiles: default
2020-07-30 01:14:35.539  INFO 10616 --- [restartedMain] o.s.b.w.embedded.tomcat.TomcatWebServer  : Tomcat initialized with port(s): 8080 (http)
2020-07-30 01:14:35.540  INFO 10616 --- [restartedMain] o.apache.catalina.core.StandardService   : Starting service [Tomcat]
2020-07-30 01:14:35.540  INFO 10616 --- [restartedMain] org.apache.catalina.core.StandardEngine  : Starting Servlet engine: [Apache Tomcat/9.0.36]
2020-07-30 01:14:35.566  INFO 10616 --- [restartedMain] org.apache.jasper.servlet.TldScanner     : At least one JAR was scanned for TLDs yet contained no TLDs. Enable debug logging for this logger for a complete list of JARs that were scanned but no TLDs were found in them. Skipping unneeded JARs during scanning can improve startup time and JSP compilation time.
2020-07-30 01:14:35.567  INFO 10616 --- [restartedMain] o.a.c.c.C.[Tomcat-10].[localhost].[/]    : Initializing Spring embedded WebApplicationContext
2020-07-30 01:14:35.567  INFO 10616 --- [restartedMain] w.s.c.ServletWebServerApplicationContext : Root WebApplicationContext: initialization completed in 222 ms
2020-07-30 01:14:35.605  INFO 10616 --- [restartedMain] o.s.s.concurrent.ThreadPoolTaskExecutor  : Initializing ExecutorService 'applicationTaskExecutor'
2020-07-30 01:14:35.639  INFO 10616 --- [restartedMain] o.s.b.d.a.OptionalLiveReloadServer       : LiveReload server is running on port 35729
2020-07-30 01:14:35.645  INFO 10616 --- [restartedMain] o.s.b.w.embedded.tomcat.TomcatWebServer  : Tomcat started on port(s): 8080 (http) with context path ''
2020-07-30 01:14:35.649  INFO 10616 --- [restartedMain] cl.cparra.AdminedificioApplication       : Started AdminedificioApplication in 0.32 seconds (JVM running for 46780.019)
2020-07-30 01:14:35.650  INFO 10616 --- [restartedMain] .ConditionEvaluationDeltaLoggingListener : Condition evaluation unchanged
2020-07-30 01:14:52.594  INFO 10616 --- [Thread-422] o.s.s.concurrent.ThreadPoolTaskExecutor  : Shutting down ExecutorService 'applicationTaskExecutor'
2020-07-30 01:14:52.667  INFO 10616 --- [restartedMain] cl.cparra.AdminedificioApplication       : Starting AdminedificioApplication using Java 1.8.0_261 on LAPTOP-VJC97MUU with PID 10616 (C:\Users\Cesar Parra\Documents\workspace-spring\adminedificio\target\classes started by Cesar Parra in C:\Users\Cesar Parra\Documents\workspace-spring\adminedificio)
2020-07-30 01:14:52.668  INFO 10616 --- [restartedMain] cl.cparra.AdminedificioApplication       : No active profile set, falling back to default profiles: default
2020-07-30 01:14:52.830  INFO 10616 --- [restartedMain] o.s.b.w.embedded.tomcat.TomcatWebServer  : Tomcat initialized with port(s): 8080 (http)
2020-07-30 01:14:52.831  INFO 10616 --- [restartedMain] o.apache.catalina.core.StandardService   : Starting service [Tomcat]
2020-07-30 01:14:52.831  INFO 10616 --- [restartedMain] org.apache.catalina.core.StandardEngine  : Starting Servlet engine: [Apache Tomcat/9.0.36]
2020-07-30 01:14:52.872  INFO 10616 --- [restartedMain] org.apache.jasper.servlet.TldScanner     : At least one JAR was scanned for TLDs yet contained no TLDs. Enable debug logging for this logger for a complete list of JARs that were scanned but no TLDs were found in them. Skipping unneeded JARs during scanning can improve startup time and JSP compilation time.
2020-07-30 01:14:52.873  INFO 10616 --- [restartedMain] o.a.c.c.C.[Tomcat-10].[localhost].[/]    : Initializing Spring embedded WebApplicationContext
2020-07-30 01:14:52.873  INFO 10616 --- [restartedMain] w.s.c.ServletWebServerApplicationContext : Root WebApplicationContext: initialization completed in 204 ms
2020-07-30 01:14:52.910  INFO 10616 --- [restartedMain] o.s.s.concurrent.ThreadPoolTaskExecutor  : Initializing ExecutorService 'applicationTaskExecutor'
2020-07-30 01:14:52.941  INFO 10616 --- [restartedMain] o.s.b.d.a.OptionalLiveReloadServer       : LiveReload server is running on port 35729
2020-07-30 01:14:52.948  INFO 10616 --- [restartedMain] o.s.b.w.embedded.tomcat.TomcatWebServer  : Tomcat started on port(s): 8080 (http) with context path ''
2020-07-30 01:14:52.953  INFO 10616 --- [restartedMain] cl.cparra.AdminedificioApplication       : Started AdminedificioApplication in 0.299 seconds (JVM running for 46797.322)
2020-07-30 01:14:52.954  INFO 10616 --- [restartedMain] .ConditionEvaluationDeltaLoggingListener : Condition evaluation unchanged
2020-07-30 01:14:59.156  INFO 10616 --- [http-nio-8080-exec-1] o.a.c.c.C.[Tomcat-10].[localhost].[/]    : Initializing Spring DispatcherServlet 'dispatcherServlet'
2020-07-30 01:14:59.157  INFO 10616 --- [http-nio-8080-exec-1] o.s.web.servlet.DispatcherServlet        : Initializing Servlet 'dispatcherServlet'
2020-07-30 01:14:59.158  INFO 10616 --- [http-nio-8080-exec-1] o.s.web.servlet.DispatcherServlet        : Completed initialization in 1 ms
2020-07-30 01:26:12.048  INFO 10616 --- [Thread-429] o.s.s.concurrent.ThreadPoolTaskExecutor  : Shutting down ExecutorService 'applicationTaskExecutor'
2020-07-30 01:26:12.142  INFO 10616 --- [restartedMain] cl.cparra.AdminedificioApplication       : Starting AdminedificioApplication using Java 1.8.0_261 on LAPTOP-VJC97MUU with PID 10616 (C:\Users\Cesar Parra\Documents\workspace-spring\adminedificio\target\classes started by Cesar Parra in C:\Users\Cesar Parra\Documents\workspace-spring\adminedificio)
2020-07-30 01:26:12.143  INFO 10616 --- [restartedMain] cl.cparra.AdminedificioApplication       : No active profile set, falling back to default profiles: default
2020-07-30 01:26:12.347  INFO 10616 --- [restartedMain] o.s.b.w.embedded.tomcat.TomcatWebServer  : Tomcat initialized with port(s): 8080 (http)
2020-07-30 01:26:12.348  INFO 10616 --- [restartedMain] o.apache.catalina.core.StandardService   : Starting service [Tomcat]
2020-07-30 01:26:12.348  INFO 10616 --- [restartedMain] org.apache.catalina.core.StandardEngine  : Starting Servlet engine: [Apache Tomcat/9.0.36]
2020-07-30 01:26:12.402  INFO 10616 --- [restartedMain] org.apache.jasper.servlet.TldScanner     : At least one JAR was scanned for TLDs yet contained no TLDs. Enable debug logging for this logger for a complete list of JARs that were scanned but no TLDs were found in them. Skipping unneeded JARs during scanning can improve startup time and JSP compilation time.
2020-07-30 01:26:12.404  INFO 10616 --- [restartedMain] o.a.c.c.C.[Tomcat-10].[localhost].[/]    : Initializing Spring embedded WebApplicationContext
2020-07-30 01:26:12.404  INFO 10616 --- [restartedMain] w.s.c.ServletWebServerApplicationContext : Root WebApplicationContext: initialization completed in 260 ms
2020-07-30 01:26:12.480  INFO 10616 --- [restartedMain] o.s.s.concurrent.ThreadPoolTaskExecutor  : Initializing ExecutorService 'applicationTaskExecutor'
2020-07-30 01:26:12.529  INFO 10616 --- [restartedMain] o.s.b.d.a.OptionalLiveReloadServer       : LiveReload server is running on port 35729
2020-07-30 01:26:12.535  INFO 10616 --- [restartedMain] o.s.b.w.embedded.tomcat.TomcatWebServer  : Tomcat started on port(s): 8080 (http) with context path ''
2020-07-30 01:26:12.539  INFO 10616 --- [restartedMain] cl.cparra.AdminedificioApplication       : Started AdminedificioApplication in 0.416 seconds (JVM running for 47476.909)
2020-07-30 01:26:12.540  INFO 10616 --- [restartedMain] .ConditionEvaluationDeltaLoggingListener : Condition evaluation unchanged
2020-07-30 01:26:38.676  INFO 10616 --- [Thread-436] o.s.s.concurrent.ThreadPoolTaskExecutor  : Shutting down ExecutorService 'applicationTaskExecutor'
2020-07-30 01:26:38.741  INFO 10616 --- [restartedMain] cl.cparra.AdminedificioApplication       : Starting AdminedificioApplication using Java 1.8.0_261 on LAPTOP-VJC97MUU with PID 10616 (C:\Users\Cesar Parra\Documents\workspace-spring\adminedificio\target\classes started by Cesar Parra in C:\Users\Cesar Parra\Documents\workspace-spring\adminedificio)
2020-07-30 01:26:38.741  INFO 10616 --- [restartedMain] cl.cparra.AdminedificioApplication       : No active profile set, falling back to default profiles: default
2020-07-30 01:26:38.905  INFO 10616 --- [restartedMain] o.s.b.w.embedded.tomcat.TomcatWebServer  : Tomcat initialized with port(s): 8080 (http)
2020-07-30 01:26:38.905  INFO 10616 --- [restartedMain] o.apache.catalina.core.StandardService   : Starting service [Tomcat]
2020-07-30 01:26:38.905  INFO 10616 --- [restartedMain] org.apache.catalina.core.StandardEngine  : Starting Servlet engine: [Apache Tomcat/9.0.36]
2020-07-30 01:26:38.944  INFO 10616 --- [restartedMain] org.apache.jasper.servlet.TldScanner     : At least one JAR was scanned for TLDs yet contained no TLDs. Enable debug logging for this logger for a complete list of JARs that were scanned but no TLDs were found in them. Skipping unneeded JARs during scanning can improve startup time and JSP compilation time.
2020-07-30 01:26:38.945  INFO 10616 --- [restartedMain] o.a.c.c.C.[Tomcat-10].[localhost].[/]    : Initializing Spring embedded WebApplicationContext
2020-07-30 01:26:38.945  INFO 10616 --- [restartedMain] w.s.c.ServletWebServerApplicationContext : Root WebApplicationContext: initialization completed in 202 ms
2020-07-30 01:26:38.985  INFO 10616 --- [restartedMain] o.s.s.concurrent.ThreadPoolTaskExecutor  : Initializing ExecutorService 'applicationTaskExecutor'
2020-07-30 01:26:39.016  INFO 10616 --- [restartedMain] o.s.b.d.a.OptionalLiveReloadServer       : LiveReload server is running on port 35729
2020-07-30 01:26:39.022  INFO 10616 --- [restartedMain] o.s.b.w.embedded.tomcat.TomcatWebServer  : Tomcat started on port(s): 8080 (http) with context path ''
2020-07-30 01:26:39.024  INFO 10616 --- [restartedMain] cl.cparra.AdminedificioApplication       : Started AdminedificioApplication in 0.301 seconds (JVM running for 47503.394)
2020-07-30 01:26:39.025  INFO 10616 --- [restartedMain] .ConditionEvaluationDeltaLoggingListener : Condition evaluation unchanged
2020-07-30 01:26:53.856  INFO 10616 --- [Thread-443] o.s.s.concurrent.ThreadPoolTaskExecutor  : Shutting down ExecutorService 'applicationTaskExecutor'
2020-07-30 01:26:53.924  INFO 10616 --- [restartedMain] cl.cparra.AdminedificioApplication       : Starting AdminedificioApplication using Java 1.8.0_261 on LAPTOP-VJC97MUU with PID 10616 (C:\Users\Cesar Parra\Documents\workspace-spring\adminedificio\target\classes started by Cesar Parra in C:\Users\Cesar Parra\Documents\workspace-spring\adminedificio)
2020-07-30 01:26:53.925  INFO 10616 --- [restartedMain] cl.cparra.AdminedificioApplication       : No active profile set, falling back to default profiles: default
2020-07-30 01:26:54.088  INFO 10616 --- [restartedMain] o.s.b.w.embedded.tomcat.TomcatWebServer  : Tomcat initialized with port(s): 8080 (http)
2020-07-30 01:26:54.089  INFO 10616 --- [restartedMain] o.apache.catalina.core.StandardService   : Starting service [Tomcat]
2020-07-30 01:26:54.089  INFO 10616 --- [restartedMain] org.apache.catalina.core.StandardEngine  : Starting Servlet engine: [Apache Tomcat/9.0.36]
2020-07-30 01:26:54.120  INFO 10616 --- [restartedMain] org.apache.jasper.servlet.TldScanner     : At least one JAR was scanned for TLDs yet contained no TLDs. Enable debug logging for this logger for a complete list of JARs that were scanned but no TLDs were found in them. Skipping unneeded JARs during scanning can improve startup time and JSP compilation time.
2020-07-30 01:26:54.121  INFO 10616 --- [restartedMain] o.a.c.c.C.[Tomcat-10].[localhost].[/]    : Initializing Spring embedded WebApplicationContext
2020-07-30 01:26:54.121  INFO 10616 --- [restartedMain] w.s.c.ServletWebServerApplicationContext : Root WebApplicationContext: initialization completed in 195 ms
2020-07-30 01:26:54.159  INFO 10616 --- [restartedMain] o.s.s.concurrent.ThreadPoolTaskExecutor  : Initializing ExecutorService 'applicationTaskExecutor'
2020-07-30 01:26:54.193  INFO 10616 --- [restartedMain] o.s.b.d.a.OptionalLiveReloadServer       : LiveReload server is running on port 35729
2020-07-30 01:26:54.200  INFO 10616 --- [restartedMain] o.s.b.w.embedded.tomcat.TomcatWebServer  : Tomcat started on port(s): 8080 (http) with context path ''
2020-07-30 01:26:54.204  INFO 10616 --- [restartedMain] cl.cparra.AdminedificioApplication       : Started AdminedificioApplication in 0.3 seconds (JVM running for 47518.573)
2020-07-30 01:26:54.205  INFO 10616 --- [restartedMain] .ConditionEvaluationDeltaLoggingListener : Condition evaluation unchanged
2020-07-30 01:27:35.636  INFO 10616 --- [Thread-450] o.s.s.concurrent.ThreadPoolTaskExecutor  : Shutting down ExecutorService 'applicationTaskExecutor'
2020-07-30 01:27:35.707  INFO 10616 --- [restartedMain] cl.cparra.AdminedificioApplication       : Starting AdminedificioApplication using Java 1.8.0_261 on LAPTOP-VJC97MUU with PID 10616 (C:\Users\Cesar Parra\Documents\workspace-spring\adminedificio\target\classes started by Cesar Parra in C:\Users\Cesar Parra\Documents\workspace-spring\adminedificio)
2020-07-30 01:27:35.707  INFO 10616 --- [restartedMain] cl.cparra.AdminedificioApplication       : No active profile set, falling back to default profiles: default
2020-07-30 01:27:35.866  INFO 10616 --- [restartedMain] o.s.b.w.embedded.tomcat.TomcatWebServer  : Tomcat initialized with port(s): 8080 (http)
2020-07-30 01:27:35.866  INFO 10616 --- [restartedMain] o.apache.catalina.core.StandardService   : Starting service [Tomcat]
2020-07-30 01:27:35.867  INFO 10616 --- [restartedMain] org.apache.catalina.core.StandardEngine  : Starting Servlet engine: [Apache Tomcat/9.0.36]
2020-07-30 01:27:35.902  INFO 10616 --- [restartedMain] org.apache.jasper.servlet.TldScanner     : At least one JAR was scanned for TLDs yet contained no TLDs. Enable debug logging for this logger for a complete list of JARs that were scanned but no TLDs were found in them. Skipping unneeded JARs during scanning can improve startup time and JSP compilation time.
2020-07-30 01:27:35.903  INFO 10616 --- [restartedMain] o.a.c.c.C.[Tomcat-10].[localhost].[/]    : Initializing Spring embedded WebApplicationContext
2020-07-30 01:27:35.903  INFO 10616 --- [restartedMain] w.s.c.ServletWebServerApplicationContext : Root WebApplicationContext: initialization completed in 195 ms
2020-07-30 01:27:35.945  INFO 10616 --- [restartedMain] o.s.s.concurrent.ThreadPoolTaskExecutor  : Initializing ExecutorService 'applicationTaskExecutor'
2020-07-30 01:27:35.978  INFO 10616 --- [restartedMain] o.s.b.d.a.OptionalLiveReloadServer       : LiveReload server is running on port 35729
2020-07-30 01:27:35.984  INFO 10616 --- [restartedMain] o.s.b.w.embedded.tomcat.TomcatWebServer  : Tomcat started on port(s): 8080 (http) with context path ''
2020-07-30 01:27:35.987  INFO 10616 --- [restartedMain] cl.cparra.AdminedificioApplication       : Started AdminedificioApplication in 0.293 seconds (JVM running for 47560.356)
2020-07-30 01:27:35.988  INFO 10616 --- [restartedMain] .ConditionEvaluationDeltaLoggingListener : Condition evaluation unchanged
2020-07-30 01:32:20.210  INFO 10616 --- [http-nio-8080-exec-1] o.a.c.c.C.[Tomcat-10].[localhost].[/]    : Initializing Spring DispatcherServlet 'dispatcherServlet'
2020-07-30 01:32:20.212  INFO 10616 --- [http-nio-8080-exec-1] o.s.web.servlet.DispatcherServlet        : Initializing Servlet 'dispatcherServlet'
2020-07-30 01:32:20.214  INFO 10616 --- [http-nio-8080-exec-1] o.s.web.servlet.DispatcherServlet        : Completed initialization in 2 ms
2020-07-30 01:36:57.394  INFO 10616 --- [RMI TCP Connection(1050)-127.0.0.1] inMXBeanRegistrar$SpringApplicationAdmin : Application shutdown requested.
2020-07-30 01:36:57.610  INFO 10616 --- [RMI TCP Connection(1050)-127.0.0.1] o.s.s.concurrent.ThreadPoolTaskExecutor  : Shutting down ExecutorService 'applicationTaskExecutor'
2020-07-30 09:33:36.648  INFO 6744 --- [restartedMain] cl.cparra.AdminedificioApplication       : Starting AdminedificioApplication using Java 1.8.0_261 on LAPTOP-VJC97MUU with PID 6744 (C:\Users\Cesar Parra\Documents\workspace-spring\adminedificio\target\classes started by Cesar Parra in C:\Users\Cesar Parra\Documents\workspace-spring\adminedificio)
2020-07-30 09:33:36.650  INFO 6744 --- [restartedMain] cl.cparra.AdminedificioApplication       : No active profile set, falling back to default profiles: default
2020-07-30 09:33:36.693  INFO 6744 --- [restartedMain] .e.DevToolsPropertyDefaultsPostProcessor : Devtools property defaults active! Set 'spring.devtools.add-properties' to 'false' to disable
2020-07-30 09:33:36.694  INFO 6744 --- [restartedMain] .e.DevToolsPropertyDefaultsPostProcessor : For additional web related logging consider setting the 'logging.level.web' property to 'DEBUG'
2020-07-30 09:33:37.674  INFO 6744 --- [restartedMain] o.s.b.w.embedded.tomcat.TomcatWebServer  : Tomcat initialized with port(s): 8080 (http)
2020-07-30 09:33:37.684  INFO 6744 --- [restartedMain] o.apache.catalina.core.StandardService   : Starting service [Tomcat]
2020-07-30 09:33:37.684  INFO 6744 --- [restartedMain] org.apache.catalina.core.StandardEngine  : Starting Servlet engine: [Apache Tomcat/9.0.36]
2020-07-30 09:33:37.922  INFO 6744 --- [restartedMain] org.apache.jasper.servlet.TldScanner     : At least one JAR was scanned for TLDs yet contained no TLDs. Enable debug logging for this logger for a complete list of JARs that were scanned but no TLDs were found in them. Skipping unneeded JARs during scanning can improve startup time and JSP compilation time.
2020-07-30 09:33:37.925  INFO 6744 --- [restartedMain] o.a.c.c.C.[Tomcat].[localhost].[/]       : Initializing Spring embedded WebApplicationContext
2020-07-30 09:33:37.925  INFO 6744 --- [restartedMain] w.s.c.ServletWebServerApplicationContext : Root WebApplicationContext: initialization completed in 1231 ms
2020-07-30 09:33:38.255  INFO 6744 --- [restartedMain] o.s.s.concurrent.ThreadPoolTaskExecutor  : Initializing ExecutorService 'applicationTaskExecutor'
2020-07-30 09:33:38.551  INFO 6744 --- [restartedMain] o.s.b.d.a.OptionalLiveReloadServer       : LiveReload server is running on port 35729
2020-07-30 09:33:38.602  INFO 6744 --- [restartedMain] o.s.b.w.embedded.tomcat.TomcatWebServer  : Tomcat started on port(s): 8080 (http) with context path ''
2020-07-30 09:33:38.613  INFO 6744 --- [restartedMain] cl.cparra.AdminedificioApplication       : Started AdminedificioApplication in 2.413 seconds (JVM running for 3.526)
2020-07-30 09:33:52.269  INFO 6744 --- [http-nio-8080-exec-1] o.a.c.c.C.[Tomcat].[localhost].[/]       : Initializing Spring DispatcherServlet 'dispatcherServlet'
2020-07-30 09:33:52.270  INFO 6744 --- [http-nio-8080-exec-1] o.s.web.servlet.DispatcherServlet        : Initializing Servlet 'dispatcherServlet'
2020-07-30 09:33:52.272  INFO 6744 --- [http-nio-8080-exec-1] o.s.web.servlet.DispatcherServlet        : Completed initialization in 2 ms
2020-07-30 09:57:08.428  INFO 6744 --- [Thread-7] o.s.s.concurrent.ThreadPoolTaskExecutor  : Shutting down ExecutorService 'applicationTaskExecutor'
2020-07-30 09:57:08.547  INFO 6744 --- [restartedMain] cl.cparra.AdminedificioApplication       : Starting AdminedificioApplication using Java 1.8.0_261 on LAPTOP-VJC97MUU with PID 6744 (C:\Users\Cesar Parra\Documents\workspace-spring\adminedificio\target\classes started by Cesar Parra in C:\Users\Cesar Parra\Documents\workspace-spring\adminedificio)
2020-07-30 09:57:08.547  INFO 6744 --- [restartedMain] cl.cparra.AdminedificioApplication       : No active profile set, falling back to default profiles: default
2020-07-30 09:57:08.791  INFO 6744 --- [restartedMain] o.s.b.w.embedded.tomcat.TomcatWebServer  : Tomcat initialized with port(s): 8080 (http)
2020-07-30 09:57:08.792  INFO 6744 --- [restartedMain] o.apache.catalina.core.StandardService   : Starting service [Tomcat]
2020-07-30 09:57:08.792  INFO 6744 --- [restartedMain] org.apache.catalina.core.StandardEngine  : Starting Servlet engine: [Apache Tomcat/9.0.36]
2020-07-30 09:57:08.849  INFO 6744 --- [restartedMain] org.apache.jasper.servlet.TldScanner     : At least one JAR was scanned for TLDs yet contained no TLDs. Enable debug logging for this logger for a complete list of JARs that were scanned but no TLDs were found in them. Skipping unneeded JARs during scanning can improve startup time and JSP compilation time.
2020-07-30 09:57:08.851  INFO 6744 --- [restartedMain] o.a.c.c.C.[Tomcat].[localhost].[/]       : Initializing Spring embedded WebApplicationContext
2020-07-30 09:57:08.851  INFO 6744 --- [restartedMain] w.s.c.ServletWebServerApplicationContext : Root WebApplicationContext: initialization completed in 302 ms
2020-07-30 09:57:08.928  INFO 6744 --- [restartedMain] o.s.s.concurrent.ThreadPoolTaskExecutor  : Initializing ExecutorService 'applicationTaskExecutor'
2020-07-30 09:57:08.990  INFO 6744 --- [restartedMain] o.s.b.d.a.OptionalLiveReloadServer       : LiveReload server is running on port 35729
2020-07-30 09:57:09.004  INFO 6744 --- [restartedMain] o.s.b.w.embedded.tomcat.TomcatWebServer  : Tomcat started on port(s): 8080 (http) with context path ''
2020-07-30 09:57:09.013  INFO 6744 --- [restartedMain] cl.cparra.AdminedificioApplication       : Started AdminedificioApplication in 0.493 seconds (JVM running for 1413.927)
2020-07-30 09:57:09.017  INFO 6744 --- [restartedMain] .ConditionEvaluationDeltaLoggingListener : Condition evaluation unchanged
2020-07-30 09:58:15.240  INFO 6744 --- [Thread-14] o.s.s.concurrent.ThreadPoolTaskExecutor  : Shutting down ExecutorService 'applicationTaskExecutor'
2020-07-30 09:58:15.360  INFO 6744 --- [restartedMain] cl.cparra.AdminedificioApplication       : Starting AdminedificioApplication using Java 1.8.0_261 on LAPTOP-VJC97MUU with PID 6744 (C:\Users\Cesar Parra\Documents\workspace-spring\adminedificio\target\classes started by Cesar Parra in C:\Users\Cesar Parra\Documents\workspace-spring\adminedificio)
2020-07-30 09:58:15.361  INFO 6744 --- [restartedMain] cl.cparra.AdminedificioApplication       : No active profile set, falling back to default profiles: default
2020-07-30 09:58:15.540  INFO 6744 --- [restartedMain] o.s.b.w.embedded.tomcat.TomcatWebServer  : Tomcat initialized with port(s): 8080 (http)
2020-07-30 09:58:15.541  INFO 6744 --- [restartedMain] o.apache.catalina.core.StandardService   : Starting service [Tomcat]
2020-07-30 09:58:15.541  INFO 6744 --- [restartedMain] org.apache.catalina.core.StandardEngine  : Starting Servlet engine: [Apache Tomcat/9.0.36]
2020-07-30 09:58:15.581  INFO 6744 --- [restartedMain] org.apache.jasper.servlet.TldScanner     : At least one JAR was scanned for TLDs yet contained no TLDs. Enable debug logging for this logger for a complete list of JARs that were scanned but no TLDs were found in them. Skipping unneeded JARs during scanning can improve startup time and JSP compilation time.
2020-07-30 09:58:15.582  INFO 6744 --- [restartedMain] o.a.c.c.C.[Tomcat].[localhost].[/]       : Initializing Spring embedded WebApplicationContext
2020-07-30 09:58:15.582  INFO 6744 --- [restartedMain] w.s.c.ServletWebServerApplicationContext : Root WebApplicationContext: initialization completed in 219 ms
2020-07-30 09:58:15.637  INFO 6744 --- [restartedMain] o.s.s.concurrent.ThreadPoolTaskExecutor  : Initializing ExecutorService 'applicationTaskExecutor'
2020-07-30 09:58:15.676  INFO 6744 --- [restartedMain] o.s.b.d.a.OptionalLiveReloadServer       : LiveReload server is running on port 35729
2020-07-30 09:58:15.684  INFO 6744 --- [restartedMain] o.s.b.w.embedded.tomcat.TomcatWebServer  : Tomcat started on port(s): 8080 (http) with context path ''
2020-07-30 09:58:15.688  INFO 6744 --- [restartedMain] cl.cparra.AdminedificioApplication       : Started AdminedificioApplication in 0.348 seconds (JVM running for 1480.601)
2020-07-30 09:58:15.689  INFO 6744 --- [restartedMain] .ConditionEvaluationDeltaLoggingListener : Condition evaluation unchanged
2020-07-30 09:59:42.201  INFO 6744 --- [Thread-21] o.s.s.concurrent.ThreadPoolTaskExecutor  : Shutting down ExecutorService 'applicationTaskExecutor'
2020-07-30 09:59:42.314  INFO 6744 --- [restartedMain] cl.cparra.AdminedificioApplication       : Starting AdminedificioApplication using Java 1.8.0_261 on LAPTOP-VJC97MUU with PID 6744 (C:\Users\Cesar Parra\Documents\workspace-spring\adminedificio\target\classes started by Cesar Parra in C:\Users\Cesar Parra\Documents\workspace-spring\adminedificio)
2020-07-30 09:59:42.315  INFO 6744 --- [restartedMain] cl.cparra.AdminedificioApplication       : No active profile set, falling back to default profiles: default
2020-07-30 09:59:42.494  INFO 6744 --- [restartedMain] o.s.b.w.embedded.tomcat.TomcatWebServer  : Tomcat initialized with port(s): 8080 (http)
2020-07-30 09:59:42.495  INFO 6744 --- [restartedMain] o.apache.catalina.core.StandardService   : Starting service [Tomcat]
2020-07-30 09:59:42.495  INFO 6744 --- [restartedMain] org.apache.catalina.core.StandardEngine  : Starting Servlet engine: [Apache Tomcat/9.0.36]
2020-07-30 09:59:42.528  INFO 6744 --- [restartedMain] org.apache.jasper.servlet.TldScanner     : At least one JAR was scanned for TLDs yet contained no TLDs. Enable debug logging for this logger for a complete list of JARs that were scanned but no TLDs were found in them. Skipping unneeded JARs during scanning can improve startup time and JSP compilation time.
2020-07-30 09:59:42.529  INFO 6744 --- [restartedMain] o.a.c.c.C.[Tomcat].[localhost].[/]       : Initializing Spring embedded WebApplicationContext
2020-07-30 09:59:42.529  INFO 6744 --- [restartedMain] w.s.c.ServletWebServerApplicationContext : Root WebApplicationContext: initialization completed in 212 ms
2020-07-30 09:59:42.572  INFO 6744 --- [restartedMain] o.s.s.concurrent.ThreadPoolTaskExecutor  : Initializing ExecutorService 'applicationTaskExecutor'
2020-07-30 09:59:42.608  INFO 6744 --- [restartedMain] o.s.b.d.a.OptionalLiveReloadServer       : LiveReload server is running on port 35729
2020-07-30 09:59:42.617  INFO 6744 --- [restartedMain] o.s.b.w.embedded.tomcat.TomcatWebServer  : Tomcat started on port(s): 8080 (http) with context path ''
2020-07-30 09:59:42.620  INFO 6744 --- [restartedMain] cl.cparra.AdminedificioApplication       : Started AdminedificioApplication in 0.324 seconds (JVM running for 1567.533)
2020-07-30 09:59:42.622  INFO 6744 --- [restartedMain] .ConditionEvaluationDeltaLoggingListener : Condition evaluation unchanged
2020-07-30 10:00:21.049  INFO 6744 --- [Thread-28] o.s.s.concurrent.ThreadPoolTaskExecutor  : Shutting down ExecutorService 'applicationTaskExecutor'
2020-07-30 10:00:21.148  INFO 6744 --- [restartedMain] cl.cparra.AdminedificioApplication       : Starting AdminedificioApplication using Java 1.8.0_261 on LAPTOP-VJC97MUU with PID 6744 (C:\Users\Cesar Parra\Documents\workspace-spring\adminedificio\target\classes started by Cesar Parra in C:\Users\Cesar Parra\Documents\workspace-spring\adminedificio)
2020-07-30 10:00:21.148  INFO 6744 --- [restartedMain] cl.cparra.AdminedificioApplication       : No active profile set, falling back to default profiles: default
2020-07-30 10:00:21.380  INFO 6744 --- [restartedMain] o.s.b.w.embedded.tomcat.TomcatWebServer  : Tomcat initialized with port(s): 8080 (http)
2020-07-30 10:00:21.380  INFO 6744 --- [restartedMain] o.apache.catalina.core.StandardService   : Starting service [Tomcat]
2020-07-30 10:00:21.381  INFO 6744 --- [restartedMain] org.apache.catalina.core.StandardEngine  : Starting Servlet engine: [Apache Tomcat/9.0.36]
2020-07-30 10:00:21.417  INFO 6744 --- [restartedMain] org.apache.jasper.servlet.TldScanner     : At least one JAR was scanned for TLDs yet contained no TLDs. Enable debug logging for this logger for a complete list of JARs that were scanned but no TLDs were found in them. Skipping unneeded JARs during scanning can improve startup time and JSP compilation time.
2020-07-30 10:00:21.419  INFO 6744 --- [restartedMain] o.a.c.c.C.[Tomcat].[localhost].[/]       : Initializing Spring embedded WebApplicationContext
2020-07-30 10:00:21.419  INFO 6744 --- [restartedMain] w.s.c.ServletWebServerApplicationContext : Root WebApplicationContext: initialization completed in 269 ms
2020-07-30 10:00:21.474  INFO 6744 --- [restartedMain] o.s.s.concurrent.ThreadPoolTaskExecutor  : Initializing ExecutorService 'applicationTaskExecutor'
2020-07-30 10:00:21.510  INFO 6744 --- [restartedMain] o.s.b.d.a.OptionalLiveReloadServer       : LiveReload server is running on port 35729
2020-07-30 10:00:21.516  INFO 6744 --- [restartedMain] o.s.b.w.embedded.tomcat.TomcatWebServer  : Tomcat started on port(s): 8080 (http) with context path ''
2020-07-30 10:00:21.520  INFO 6744 --- [restartedMain] cl.cparra.AdminedificioApplication       : Started AdminedificioApplication in 0.393 seconds (JVM running for 1606.433)
2020-07-30 10:00:21.522  INFO 6744 --- [restartedMain] .ConditionEvaluationDeltaLoggingListener : Condition evaluation unchanged
2020-07-30 10:01:39.739  INFO 6744 --- [http-nio-8080-exec-1] o.a.c.c.C.[Tomcat].[localhost].[/]       : Initializing Spring DispatcherServlet 'dispatcherServlet'
2020-07-30 10:01:39.740  INFO 6744 --- [http-nio-8080-exec-1] o.s.web.servlet.DispatcherServlet        : Initializing Servlet 'dispatcherServlet'
2020-07-30 10:01:39.741  INFO 6744 --- [http-nio-8080-exec-1] o.s.web.servlet.DispatcherServlet        : Completed initialization in 1 ms
2020-07-30 10:20:52.345  INFO 6744 --- [Thread-35] o.s.s.concurrent.ThreadPoolTaskExecutor  : Shutting down ExecutorService 'applicationTaskExecutor'
2020-07-30 10:20:52.480  INFO 6744 --- [restartedMain] cl.cparra.AdminedificioApplication       : Starting AdminedificioApplication using Java 1.8.0_261 on LAPTOP-VJC97MUU with PID 6744 (C:\Users\Cesar Parra\Documents\workspace-spring\adminedificio\target\classes started by Cesar Parra in C:\Users\Cesar Parra\Documents\workspace-spring\adminedificio)
2020-07-30 10:20:52.480  INFO 6744 --- [restartedMain] cl.cparra.AdminedificioApplication       : No active profile set, falling back to default profiles: default
2020-07-30 10:20:52.660  INFO 6744 --- [restartedMain] o.s.b.w.embedded.tomcat.TomcatWebServer  : Tomcat initialized with port(s): 8080 (http)
2020-07-30 10:20:52.661  INFO 6744 --- [restartedMain] o.apache.catalina.core.StandardService   : Starting service [Tomcat]
2020-07-30 10:20:52.661  INFO 6744 --- [restartedMain] org.apache.catalina.core.StandardEngine  : Starting Servlet engine: [Apache Tomcat/9.0.36]
2020-07-30 10:20:52.697  INFO 6744 --- [restartedMain] org.apache.jasper.servlet.TldScanner     : At least one JAR was scanned for TLDs yet contained no TLDs. Enable debug logging for this logger for a complete list of JARs that were scanned but no TLDs were found in them. Skipping unneeded JARs during scanning can improve startup time and JSP compilation time.
2020-07-30 10:20:52.698  INFO 6744 --- [restartedMain] o.a.c.c.C.[Tomcat].[localhost].[/]       : Initializing Spring embedded WebApplicationContext
2020-07-30 10:20:52.698  INFO 6744 --- [restartedMain] w.s.c.ServletWebServerApplicationContext : Root WebApplicationContext: initialization completed in 215 ms
2020-07-30 10:20:52.745  INFO 6744 --- [restartedMain] o.s.s.concurrent.ThreadPoolTaskExecutor  : Initializing ExecutorService 'applicationTaskExecutor'
2020-07-30 10:20:52.782  INFO 6744 --- [restartedMain] o.s.b.d.a.OptionalLiveReloadServer       : LiveReload server is running on port 35729
2020-07-30 10:20:52.788  INFO 6744 --- [restartedMain] o.s.b.w.embedded.tomcat.TomcatWebServer  : Tomcat started on port(s): 8080 (http) with context path ''
2020-07-30 10:20:52.792  INFO 6744 --- [restartedMain] cl.cparra.AdminedificioApplication       : Started AdminedificioApplication in 0.329 seconds (JVM running for 2837.705)
2020-07-30 10:20:52.794  INFO 6744 --- [restartedMain] .ConditionEvaluationDeltaLoggingListener : Condition evaluation unchanged
2020-07-30 10:21:45.680  INFO 6744 --- [Thread-42] o.s.s.concurrent.ThreadPoolTaskExecutor  : Shutting down ExecutorService 'applicationTaskExecutor'
2020-07-30 10:21:45.802  INFO 6744 --- [restartedMain] cl.cparra.AdminedificioApplication       : Starting AdminedificioApplication using Java 1.8.0_261 on LAPTOP-VJC97MUU with PID 6744 (C:\Users\Cesar Parra\Documents\workspace-spring\adminedificio\target\classes started by Cesar Parra in C:\Users\Cesar Parra\Documents\workspace-spring\adminedificio)
2020-07-30 10:21:45.802  INFO 6744 --- [restartedMain] cl.cparra.AdminedificioApplication       : No active profile set, falling back to default profiles: default
2020-07-30 10:21:45.970  INFO 6744 --- [restartedMain] o.s.b.w.embedded.tomcat.TomcatWebServer  : Tomcat initialized with port(s): 8080 (http)
2020-07-30 10:21:45.971  INFO 6744 --- [restartedMain] o.apache.catalina.core.StandardService   : Starting service [Tomcat]
2020-07-30 10:21:45.971  INFO 6744 --- [restartedMain] org.apache.catalina.core.StandardEngine  : Starting Servlet engine: [Apache Tomcat/9.0.36]
2020-07-30 10:21:46.001  INFO 6744 --- [restartedMain] org.apache.jasper.servlet.TldScanner     : At least one JAR was scanned for TLDs yet contained no TLDs. Enable debug logging for this logger for a complete list of JARs that were scanned but no TLDs were found in them. Skipping unneeded JARs during scanning can improve startup time and JSP compilation time.
2020-07-30 10:21:46.002  INFO 6744 --- [restartedMain] o.a.c.c.C.[Tomcat].[localhost].[/]       : Initializing Spring embedded WebApplicationContext
2020-07-30 10:21:46.002  INFO 6744 --- [restartedMain] w.s.c.ServletWebServerApplicationContext : Root WebApplicationContext: initialization completed in 198 ms
2020-07-30 10:21:46.046  INFO 6744 --- [restartedMain] o.s.s.concurrent.ThreadPoolTaskExecutor  : Initializing ExecutorService 'applicationTaskExecutor'
2020-07-30 10:21:46.083  INFO 6744 --- [restartedMain] o.s.b.d.a.OptionalLiveReloadServer       : LiveReload server is running on port 35729
2020-07-30 10:21:46.090  INFO 6744 --- [restartedMain] o.s.b.w.embedded.tomcat.TomcatWebServer  : Tomcat started on port(s): 8080 (http) with context path ''
2020-07-30 10:21:46.093  INFO 6744 --- [restartedMain] cl.cparra.AdminedificioApplication       : Started AdminedificioApplication in 0.308 seconds (JVM running for 2891.007)
2020-07-30 10:21:46.094  INFO 6744 --- [restartedMain] .ConditionEvaluationDeltaLoggingListener : Condition evaluation unchanged
2020-07-30 10:22:03.345  INFO 6744 --- [http-nio-8080-exec-1] o.a.c.c.C.[Tomcat].[localhost].[/]       : Initializing Spring DispatcherServlet 'dispatcherServlet'
2020-07-30 10:22:03.347  INFO 6744 --- [http-nio-8080-exec-1] o.s.web.servlet.DispatcherServlet        : Initializing Servlet 'dispatcherServlet'
2020-07-30 10:22:03.348  INFO 6744 --- [http-nio-8080-exec-1] o.s.web.servlet.DispatcherServlet        : Completed initialization in 1 ms
2020-07-30 10:36:54.092  INFO 6744 --- [Thread-49] o.s.s.concurrent.ThreadPoolTaskExecutor  : Shutting down ExecutorService 'applicationTaskExecutor'
2020-07-30 10:36:54.223  INFO 6744 --- [restartedMain] cl.cparra.AdminedificioApplication       : Starting AdminedificioApplication using Java 1.8.0_261 on LAPTOP-VJC97MUU with PID 6744 (C:\Users\Cesar Parra\Documents\workspace-spring\adminedificio\target\classes started by Cesar Parra in C:\Users\Cesar Parra\Documents\workspace-spring\adminedificio)
2020-07-30 10:36:54.223  INFO 6744 --- [restartedMain] cl.cparra.AdminedificioApplication       : No active profile set, falling back to default profiles: default
2020-07-30 10:36:54.428  INFO 6744 --- [restartedMain] o.s.b.w.embedded.tomcat.TomcatWebServer  : Tomcat initialized with port(s): 8080 (http)
2020-07-30 10:36:54.428  INFO 6744 --- [restartedMain] o.apache.catalina.core.StandardService   : Starting service [Tomcat]
2020-07-30 10:36:54.428  INFO 6744 --- [restartedMain] org.apache.catalina.core.StandardEngine  : Starting Servlet engine: [Apache Tomcat/9.0.36]
2020-07-30 10:36:54.464  INFO 6744 --- [restartedMain] org.apache.jasper.servlet.TldScanner     : At least one JAR was scanned for TLDs yet contained no TLDs. Enable debug logging for this logger for a complete list of JARs that were scanned but no TLDs were found in them. Skipping unneeded JARs during scanning can improve startup time and JSP compilation time.
2020-07-30 10:36:54.465  INFO 6744 --- [restartedMain] o.a.c.c.C.[Tomcat].[localhost].[/]       : Initializing Spring embedded WebApplicationContext
2020-07-30 10:36:54.466  INFO 6744 --- [restartedMain] w.s.c.ServletWebServerApplicationContext : Root WebApplicationContext: initialization completed in 241 ms
2020-07-30 10:36:54.521  INFO 6744 --- [restartedMain] o.s.s.concurrent.ThreadPoolTaskExecutor  : Initializing ExecutorService 'applicationTaskExecutor'
2020-07-30 10:36:54.559  INFO 6744 --- [restartedMain] o.s.b.d.a.OptionalLiveReloadServer       : LiveReload server is running on port 35729
2020-07-30 10:36:54.566  INFO 6744 --- [restartedMain] o.s.b.w.embedded.tomcat.TomcatWebServer  : Tomcat started on port(s): 8080 (http) with context path ''
2020-07-30 10:36:54.570  INFO 6744 --- [restartedMain] cl.cparra.AdminedificioApplication       : Started AdminedificioApplication in 0.367 seconds (JVM running for 3799.483)
2020-07-30 10:36:54.572  INFO 6744 --- [restartedMain] .ConditionEvaluationDeltaLoggingListener : Condition evaluation unchanged
2020-07-30 10:37:08.494  INFO 6744 --- [Thread-56] o.s.s.concurrent.ThreadPoolTaskExecutor  : Shutting down ExecutorService 'applicationTaskExecutor'
2020-07-30 10:37:08.590  INFO 6744 --- [restartedMain] cl.cparra.AdminedificioApplication       : Starting AdminedificioApplication using Java 1.8.0_261 on LAPTOP-VJC97MUU with PID 6744 (C:\Users\Cesar Parra\Documents\workspace-spring\adminedificio\target\classes started by Cesar Parra in C:\Users\Cesar Parra\Documents\workspace-spring\adminedificio)
2020-07-30 10:37:08.591  INFO 6744 --- [restartedMain] cl.cparra.AdminedificioApplication       : No active profile set, falling back to default profiles: default
2020-07-30 10:37:08.767  INFO 6744 --- [restartedMain] o.s.b.w.embedded.tomcat.TomcatWebServer  : Tomcat initialized with port(s): 8080 (http)
2020-07-30 10:37:08.768  INFO 6744 --- [restartedMain] o.apache.catalina.core.StandardService   : Starting service [Tomcat]
2020-07-30 10:37:08.768  INFO 6744 --- [restartedMain] org.apache.catalina.core.StandardEngine  : Starting Servlet engine: [Apache Tomcat/9.0.36]
2020-07-30 10:37:08.799  INFO 6744 --- [restartedMain] org.apache.jasper.servlet.TldScanner     : At least one JAR was scanned for TLDs yet contained no TLDs. Enable debug logging for this logger for a complete list of JARs that were scanned but no TLDs were found in them. Skipping unneeded JARs during scanning can improve startup time and JSP compilation time.
2020-07-30 10:37:08.801  INFO 6744 --- [restartedMain] o.a.c.c.C.[Tomcat].[localhost].[/]       : Initializing Spring embedded WebApplicationContext
2020-07-30 10:37:08.801  INFO 6744 --- [restartedMain] w.s.c.ServletWebServerApplicationContext : Root WebApplicationContext: initialization completed in 209 ms
2020-07-30 10:37:08.845  INFO 6744 --- [restartedMain] o.s.s.concurrent.ThreadPoolTaskExecutor  : Initializing ExecutorService 'applicationTaskExecutor'
2020-07-30 10:37:08.882  INFO 6744 --- [restartedMain] o.s.b.d.a.OptionalLiveReloadServer       : LiveReload server is running on port 35729
2020-07-30 10:37:08.889  INFO 6744 --- [restartedMain] o.s.b.w.embedded.tomcat.TomcatWebServer  : Tomcat started on port(s): 8080 (http) with context path ''
2020-07-30 10:37:08.893  INFO 6744 --- [restartedMain] cl.cparra.AdminedificioApplication       : Started AdminedificioApplication in 0.32 seconds (JVM running for 3813.806)
2020-07-30 10:37:08.894  INFO 6744 --- [restartedMain] .ConditionEvaluationDeltaLoggingListener : Condition evaluation unchanged
2020-07-30 10:37:54.570  INFO 6744 --- [Thread-63] o.s.s.concurrent.ThreadPoolTaskExecutor  : Shutting down ExecutorService 'applicationTaskExecutor'
2020-07-30 10:37:54.633  INFO 6744 --- [restartedMain] cl.cparra.AdminedificioApplication       : Starting AdminedificioApplication using Java 1.8.0_261 on LAPTOP-VJC97MUU with PID 6744 (C:\Users\Cesar Parra\Documents\workspace-spring\adminedificio\target\classes started by Cesar Parra in C:\Users\Cesar Parra\Documents\workspace-spring\adminedificio)
2020-07-30 10:37:54.633  INFO 6744 --- [restartedMain] cl.cparra.AdminedificioApplication       : No active profile set, falling back to default profiles: default
2020-07-30 10:37:54.828  INFO 6744 --- [restartedMain] o.s.b.w.embedded.tomcat.TomcatWebServer  : Tomcat initialized with port(s): 8080 (http)
2020-07-30 10:37:54.829  INFO 6744 --- [restartedMain] o.apache.catalina.core.StandardService   : Starting service [Tomcat]
2020-07-30 10:37:54.829  INFO 6744 --- [restartedMain] org.apache.catalina.core.StandardEngine  : Starting Servlet engine: [Apache Tomcat/9.0.36]
2020-07-30 10:37:54.863  INFO 6744 --- [restartedMain] org.apache.jasper.servlet.TldScanner     : At least one JAR was scanned for TLDs yet contained no TLDs. Enable debug logging for this logger for a complete list of JARs that were scanned but no TLDs were found in them. Skipping unneeded JARs during scanning can improve startup time and JSP compilation time.
2020-07-30 10:37:54.864  INFO 6744 --- [restartedMain] o.a.c.c.C.[Tomcat].[localhost].[/]       : Initializing Spring embedded WebApplicationContext
2020-07-30 10:37:54.864  INFO 6744 --- [restartedMain] w.s.c.ServletWebServerApplicationContext : Root WebApplicationContext: initialization completed in 229 ms
2020-07-30 10:37:54.914  INFO 6744 --- [restartedMain] o.s.s.concurrent.ThreadPoolTaskExecutor  : Initializing ExecutorService 'applicationTaskExecutor'
2020-07-30 10:37:54.953  INFO 6744 --- [restartedMain] o.s.b.d.a.OptionalLiveReloadServer       : LiveReload server is running on port 35729
2020-07-30 10:37:54.962  INFO 6744 --- [restartedMain] o.s.b.w.embedded.tomcat.TomcatWebServer  : Tomcat started on port(s): 8080 (http) with context path ''
2020-07-30 10:37:54.965  INFO 6744 --- [restartedMain] cl.cparra.AdminedificioApplication       : Started AdminedificioApplication in 0.348 seconds (JVM running for 3859.878)
2020-07-30 10:37:54.966  INFO 6744 --- [restartedMain] .ConditionEvaluationDeltaLoggingListener : Condition evaluation unchanged
2020-07-30 10:37:55.218  INFO 6744 --- [http-nio-8080-exec-1] o.a.c.c.C.[Tomcat].[localhost].[/]       : Initializing Spring DispatcherServlet 'dispatcherServlet'
2020-07-30 10:37:55.220  INFO 6744 --- [http-nio-8080-exec-1] o.s.web.servlet.DispatcherServlet        : Initializing Servlet 'dispatcherServlet'
2020-07-30 10:37:55.221  INFO 6744 --- [http-nio-8080-exec-1] o.s.web.servlet.DispatcherServlet        : Completed initialization in 1 ms
2020-07-30 10:43:56.301  INFO 6744 --- [Thread-70] o.s.s.concurrent.ThreadPoolTaskExecutor  : Shutting down ExecutorService 'applicationTaskExecutor'
2020-07-30 10:43:56.391  INFO 6744 --- [restartedMain] cl.cparra.AdminedificioApplication       : Starting AdminedificioApplication using Java 1.8.0_261 on LAPTOP-VJC97MUU with PID 6744 (C:\Users\Cesar Parra\Documents\workspace-spring\adminedificio\target\classes started by Cesar Parra in C:\Users\Cesar Parra\Documents\workspace-spring\adminedificio)
2020-07-30 10:43:56.392  INFO 6744 --- [restartedMain] cl.cparra.AdminedificioApplication       : No active profile set, falling back to default profiles: default
2020-07-30 10:43:56.567  INFO 6744 --- [restartedMain] o.s.b.w.embedded.tomcat.TomcatWebServer  : Tomcat initialized with port(s): 8080 (http)
2020-07-30 10:43:56.568  INFO 6744 --- [restartedMain] o.apache.catalina.core.StandardService   : Starting service [Tomcat]
2020-07-30 10:43:56.568  INFO 6744 --- [restartedMain] org.apache.catalina.core.StandardEngine  : Starting Servlet engine: [Apache Tomcat/9.0.36]
2020-07-30 10:43:56.599  INFO 6744 --- [restartedMain] org.apache.jasper.servlet.TldScanner     : At least one JAR was scanned for TLDs yet contained no TLDs. Enable debug logging for this logger for a complete list of JARs that were scanned but no TLDs were found in them. Skipping unneeded JARs during scanning can improve startup time and JSP compilation time.
2020-07-30 10:43:56.600  INFO 6744 --- [restartedMain] o.a.c.c.C.[Tomcat].[localhost].[/]       : Initializing Spring embedded WebApplicationContext
2020-07-30 10:43:56.600  INFO 6744 --- [restartedMain] w.s.c.ServletWebServerApplicationContext : Root WebApplicationContext: initialization completed in 207 ms
2020-07-30 10:43:56.651  INFO 6744 --- [restartedMain] o.s.s.concurrent.ThreadPoolTaskExecutor  : Initializing ExecutorService 'applicationTaskExecutor'
2020-07-30 10:43:56.689  INFO 6744 --- [restartedMain] o.s.b.d.a.OptionalLiveReloadServer       : LiveReload server is running on port 35729
2020-07-30 10:43:56.696  INFO 6744 --- [restartedMain] o.s.b.w.embedded.tomcat.TomcatWebServer  : Tomcat started on port(s): 8080 (http) with context path ''
2020-07-30 10:43:56.700  INFO 6744 --- [restartedMain] cl.cparra.AdminedificioApplication       : Started AdminedificioApplication in 0.325 seconds (JVM running for 4221.613)
2020-07-30 10:43:56.702  INFO 6744 --- [restartedMain] .ConditionEvaluationDeltaLoggingListener : Condition evaluation unchanged
2020-07-30 10:44:33.134  INFO 6744 --- [Thread-77] o.s.s.concurrent.ThreadPoolTaskExecutor  : Shutting down ExecutorService 'applicationTaskExecutor'
2020-07-30 10:44:33.194  INFO 6744 --- [restartedMain] cl.cparra.AdminedificioApplication       : Starting AdminedificioApplication using Java 1.8.0_261 on LAPTOP-VJC97MUU with PID 6744 (C:\Users\Cesar Parra\Documents\workspace-spring\adminedificio\target\classes started by Cesar Parra in C:\Users\Cesar Parra\Documents\workspace-spring\adminedificio)
2020-07-30 10:44:33.194  INFO 6744 --- [restartedMain] cl.cparra.AdminedificioApplication       : No active profile set, falling back to default profiles: default
2020-07-30 10:44:33.372  INFO 6744 --- [restartedMain] o.s.b.w.embedded.tomcat.TomcatWebServer  : Tomcat initialized with port(s): 8080 (http)
2020-07-30 10:44:33.373  INFO 6744 --- [restartedMain] o.apache.catalina.core.StandardService   : Starting service [Tomcat]
2020-07-30 10:44:33.373  INFO 6744 --- [restartedMain] org.apache.catalina.core.StandardEngine  : Starting Servlet engine: [Apache Tomcat/9.0.36]
2020-07-30 10:44:33.414  INFO 6744 --- [restartedMain] org.apache.jasper.servlet.TldScanner     : At least one JAR was scanned for TLDs yet contained no TLDs. Enable debug logging for this logger for a complete list of JARs that were scanned but no TLDs were found in them. Skipping unneeded JARs during scanning can improve startup time and JSP compilation time.
2020-07-30 10:44:33.416  INFO 6744 --- [restartedMain] o.a.c.c.C.[Tomcat].[localhost].[/]       : Initializing Spring embedded WebApplicationContext
2020-07-30 10:44:33.417  INFO 6744 --- [restartedMain] w.s.c.ServletWebServerApplicationContext : Root WebApplicationContext: initialization completed in 221 ms
2020-07-30 10:44:33.469  INFO 6744 --- [restartedMain] o.s.s.concurrent.ThreadPoolTaskExecutor  : Initializing ExecutorService 'applicationTaskExecutor'
2020-07-30 10:44:33.510  INFO 6744 --- [restartedMain] o.s.b.d.a.OptionalLiveReloadServer       : LiveReload server is running on port 35729
2020-07-30 10:44:33.526  INFO 6744 --- [restartedMain] o.s.b.w.embedded.tomcat.TomcatWebServer  : Tomcat started on port(s): 8080 (http) with context path ''
2020-07-30 10:44:33.530  INFO 6744 --- [restartedMain] cl.cparra.AdminedificioApplication       : Started AdminedificioApplication in 0.351 seconds (JVM running for 4258.443)
2020-07-30 10:44:33.533  INFO 6744 --- [restartedMain] .ConditionEvaluationDeltaLoggingListener : Condition evaluation unchanged
2020-07-30 10:44:34.980  INFO 6744 --- [http-nio-8080-exec-1] o.a.c.c.C.[Tomcat].[localhost].[/]       : Initializing Spring DispatcherServlet 'dispatcherServlet'
2020-07-30 10:44:34.982  INFO 6744 --- [http-nio-8080-exec-1] o.s.web.servlet.DispatcherServlet        : Initializing Servlet 'dispatcherServlet'
